<?xml version="1.0" encoding="UTF-8"?>
<testng-results skipped="0" failed="0" ignored="0" total="1" passed="1">
  <reporter-output>
  </reporter-output>
  <suite name="Default suite" duration-ms="6853" started-at="2021-09-11T13:18:30 IST" finished-at="2021-09-11T13:18:37 IST">
    <groups>
    </groups>
    <test name="Default test" duration-ms="6853" started-at="2021-09-11T13:18:30 IST" finished-at="2021-09-11T13:18:37 IST">
      <class name="com.federo.home.hometest">
        <test-method status="PASS" signature="openBrowser()[pri:0, instance:com.federo.home.hometest@4ae82894]" name="openBrowser" is-config="true" duration-ms="5544" started-at="2021-09-11T13:18:30 IST" finished-at="2021-09-11T13:18:35 IST">
          <reporter-output>
          </reporter-output>
        </test-method> <!-- openBrowser -->
        <test-method status="PASS" signature="accounttest()[pri:0, instance:com.federo.home.hometest@4ae82894]" name="accounttest" duration-ms="1265" started-at="2021-09-11T13:18:35 IST" finished-at="2021-09-11T13:18:37 IST">
          <reporter-output>
          </reporter-output>
        </test-method> <!-- accounttest -->
      </class> <!-- com.federo.home.hometest -->
    </test> <!-- Default test -->
  </suite> <!-- Default suite -->
</testng-results>
