<?xml version="1.0" encoding="UTF-8"?>
<testng-results skipped="0" failed="0" ignored="0" total="1" passed="1">
  <reporter-output>
  </reporter-output>
  <suite name="Default suite" duration-ms="18331" started-at="2021-09-04T10:28:07 IST" finished-at="2021-09-04T10:28:26 IST">
    <groups>
    </groups>
    <test name="Default test" duration-ms="18331" started-at="2021-09-04T10:28:07 IST" finished-at="2021-09-04T10:28:26 IST">
      <class name="com.federo.leads.createleadtest">
        <test-method status="PASS" signature="openBrowser()[pri:0, instance:com.federo.leads.createleadtest@543788f3]" name="openBrowser" is-config="true" duration-ms="3825" started-at="2021-09-04T10:28:07 IST" finished-at="2021-09-04T10:28:11 IST">
          <reporter-output>
          </reporter-output>
        </test-method> <!-- openBrowser -->
        <test-method status="PASS" signature="leadtest()[pri:0, instance:com.federo.leads.createleadtest@543788f3]" name="leadtest" duration-ms="14394" started-at="2021-09-04T10:28:11 IST" finished-at="2021-09-04T10:28:26 IST">
          <reporter-output>
          </reporter-output>
        </test-method> <!-- leadtest -->
        <test-method status="PASS" signature="closeBrowser()[pri:0, instance:com.federo.leads.createleadtest@543788f3]" name="closeBrowser" is-config="true" duration-ms="84" started-at="2021-09-04T10:28:26 IST" finished-at="2021-09-04T10:28:26 IST">
          <reporter-output>
          </reporter-output>
        </test-method> <!-- closeBrowser -->
      </class> <!-- com.federo.leads.createleadtest -->
    </test> <!-- Default test -->
  </suite> <!-- Default suite -->
</testng-results>
